<?xml version="1.0" encoding="UTF-8"?>
<!-- Generated by org.testng.reporters.JUnitReportReporter -->
<testsuite hostname="DESKTOP-LH46NDJ" failures="0" tests="1" name="com.zohocrm.testScript.Campaigns" time="6.123" errors="0" timestamp="2023-04-07T10:43:35 IST" skipped="0">
  <testcase classname="com.zohocrm.testScript.Campaigns" name="createCampaing" time="6.123"/>
  <system-out/>
</testsuite> <!-- com.zohocrm.testScript.Campaigns -->
