<?xml version="1.0" encoding="UTF-8"?>
<!-- Generated by org.testng.reporters.JUnitReportReporter -->
<testsuite hostname="DESKTOP-LH46NDJ" failures="0" tests="1" name="com.zohocrm.testScript.Login" time="4.135" errors="0" timestamp="2023-04-07T03:49:26 IST" skipped="0">
  <testcase classname="com.zohocrm.testScript.Login" name="login" time="4.135"/>
  <system-out>
    <![CDATA[login]]>
  </system-out>
</testsuite> <!-- com.zohocrm.testScript.Login -->
